[0mGET / [36m304 [0m403.427 ms - -[0m
[0mGET /stylesheets/style.css [32m200 [0m11.252 ms - 256[0m
[0mGET /javascripts/mobx-dist/Entry.js [32m200 [0m9.741 ms - 919102[0m
[0mGET /stylesheets/antd.min.css [32m200 [0m1.088 ms - 342600[0m
[0mGET /images/cloud.png [36m304 [0m1.166 ms - -[0m
[0mGET /images/smokeparticle.png [36m304 [0m0.310 ms - -[0m
[0mGET /stylesheets/antd.min.css.map [32m200 [0m0.913 ms - 383173[0m
[0mGET / [32m200 [0m57.287 ms - 343[0m
[0mGET /stylesheets/style.css [32m200 [0m0.748 ms - 256[0m
[0mGET /stylesheets/antd.min.css [32m200 [0m0.691 ms - 342600[0m
[0mGET /javascripts/mobx-dist/Entry.js [32m200 [0m0.487 ms - 919102[0m
[0mGET /images/cloud.png [32m200 [0m0.736 ms - 113120[0m
[0mGET /images/smokeparticle.png [32m200 [0m0.716 ms - 15427[0m
[0mGET / [36m304 [0m41.854 ms - -[0m
[0mGET /stylesheets/style.css [36m304 [0m0.496 ms - -[0m
[0mGET /stylesheets/antd.min.css [36m304 [0m3.765 ms - -[0m
[0mGET /javascripts/mobx-dist/Entry.js [36m304 [0m2.872 ms - -[0m
[0mGET /images/cloud.png [36m304 [0m0.465 ms - -[0m
[0mGET /images/smokeparticle.png [36m304 [0m0.340 ms - -[0m
[0mGET / [32m200 [0m57.471 ms - 343[0m
[0mGET /javascripts/mobx-dist/Entry.js [32m200 [0m0.678 ms - 919102[0m
[0mGET /stylesheets/style.css [32m200 [0m1.153 ms - 256[0m
[0mGET /stylesheets/antd.min.css [32m200 [0m0.465 ms - 342600[0m
[0mGET /images/cloud.png [32m200 [0m1.339 ms - 113120[0m
[0mGET /images/smokeparticle.png [32m200 [0m1.016 ms - 15427[0m
[0mGET / [36m304 [0m72.273 ms - -[0m
[0mGET /stylesheets/style.css [36m304 [0m0.478 ms - -[0m
[0mGET /stylesheets/antd.min.css [36m304 [0m0.781 ms - -[0m
[0mGET /javascripts/mobx-dist/Entry.js [36m304 [0m2.126 ms - -[0m
[0mGET /images/cloud.png [36m304 [0m0.594 ms - -[0m
[0mGET /images/smokeparticle.png [36m304 [0m0.334 ms - -[0m
[0mGET / [32m200 [0m23.156 ms - 343[0m
[0mGET /stylesheets/style.css [32m200 [0m2.603 ms - 256[0m
[0mGET /stylesheets/antd.min.css [32m200 [0m1.181 ms - 342600[0m
[0mGET /javascripts/mobx-dist/Entry.js [32m200 [0m1.800 ms - 919102[0m
[0mGET /images/cloud.png [32m200 [0m1.796 ms - 113120[0m
[0mGET /images/smokeparticle.png [32m200 [0m0.833 ms - 15427[0m
[0mGET /favicon.ico [33m404 [0m65.483 ms - 1291[0m
[0mGET / [36m304 [0m73.896 ms - -[0m
[0mGET /stylesheets/style.css [36m304 [0m1.205 ms - -[0m
[0mGET /stylesheets/antd.min.css [36m304 [0m0.735 ms - -[0m
[0mGET /javascripts/mobx-dist/Entry.js [36m304 [0m0.586 ms - -[0m
[0mGET /images/cloud.png [36m304 [0m0.523 ms - -[0m
[0mGET /images/smokeparticle.png [36m304 [0m0.394 ms - -[0m
[0mGET / [36m304 [0m49.843 ms - -[0m
[0mGET /stylesheets/style.css [36m304 [0m2.578 ms - -[0m
[0mGET /stylesheets/antd.min.css [36m304 [0m0.340 ms - -[0m
[0mGET /javascripts/mobx-dist/Entry.js [36m304 [0m0.303 ms - -[0m
[0mGET /images/cloud.png [36m304 [0m0.500 ms - -[0m
[0mGET /images/smokeparticle.png [36m304 [0m0.270 ms - -[0m
[0mGET / [32m200 [0m50.115 ms - 343[0m
[0mGET /stylesheets/style.css [32m200 [0m1.282 ms - 256[0m
[0mGET /stylesheets/antd.min.css [32m200 [0m0.827 ms - 342600[0m
[0mGET /javascripts/mobx-dist/Entry.js [32m200 [0m0.902 ms - 919102[0m
[0mGET /stylesheets/style.css [32m200 [0m0.783 ms - 256[0m
[0mGET /stylesheets/antd.min.css [32m200 [0m0.634 ms - 342600[0m
[0mGET /images/cloud.png [32m200 [0m0.771 ms - 113120[0m
[0mGET /images/smokeparticle.png [32m200 [0m0.738 ms - 15427[0m
[0mGET /favicon.ico [33m404 [0m59.289 ms - 1291[0m
[0mGET / [32m200 [0m59.817 ms - 343[0m
[0mGET /stylesheets/antd.min.css [36m304 [0m1.106 ms - -[0m
[0mGET /stylesheets/style.css [32m200 [0m1.686 ms - 256[0m
[0mGET /javascripts/mobx-dist/Entry.js [32m200 [0m1.737 ms - 919102[0m
[0mGET /images/cloud.png [36m304 [0m0.582 ms - -[0m
[0mGET /images/smokeparticle.png [32m200 [0m1.939 ms - 15427[0m
[0mGET /favicon.ico [33m404 [0m50.154 ms - 1291[0m
[0mGET / [32m200 [0m19.805 ms - 343[0m
[0mGET / [36m304 [0m31.519 ms - -[0m
[0mGET /javascripts/mobx-dist/Entry.js [33m404 [0m43.688 ms - 1291[0m
[0mGET /stylesheets/style.css [36m304 [0m1.428 ms - -[0m
[0mGET /stylesheets/antd.min.css [36m304 [0m0.596 ms - -[0m
[0mGET /favicon.ico [33m404 [0m28.504 ms - 1291[0m
[0mGET /stylesheets/style.css [36m304 [0m0.423 ms - -[0m
[0mGET /stylesheets/antd.min.css [36m304 [0m4.716 ms - -[0m
[0mGET /stylesheets/antd.min.css.map [36m304 [0m0.483 ms - -[0m
[0mGET / [36m304 [0m25.337 ms - -[0m
[0mGET /stylesheets/antd.min.css [36m304 [0m0.851 ms - -[0m
[0mGET /stylesheets/style.css [36m304 [0m0.266 ms - -[0m
[0mGET /javascripts/mobx-dist/Entry.js [32m200 [0m0.683 ms - 919024[0m
[0mGET /images/cloud.png [36m304 [0m1.842 ms - -[0m
[0mGET /images/smokeparticle.png [36m304 [0m0.466 ms - -[0m
[0mGET / [36m304 [0m20.605 ms - -[0m
[0mGET /stylesheets/antd.min.css [36m304 [0m0.444 ms - -[0m
[0mGET /stylesheets/style.css [36m304 [0m0.423 ms - -[0m
[0mGET /javascripts/mobx-dist/Entry.js [32m200 [0m0.751 ms - 919025[0m
[0mGET /images/cloud.png [36m304 [0m0.487 ms - -[0m
[0mGET /images/smokeparticle.png [36m304 [0m0.880 ms - -[0m
[0mGET / [36m304 [0m11.412 ms - -[0m
[0mGET /stylesheets/antd.min.css [36m304 [0m0.598 ms - -[0m
[0mGET /stylesheets/style.css [36m304 [0m0.430 ms - -[0m
[0mGET /javascripts/mobx-dist/Entry.js [32m200 [0m1.413 ms - 919261[0m
[0mGET /images/cloud.png [36m304 [0m0.468 ms - -[0m
[0mGET /images/smokeparticle.png [36m304 [0m0.475 ms - -[0m
[0mGET / [36m304 [0m25.094 ms - -[0m
[0mGET /stylesheets/style.css [36m304 [0m0.431 ms - -[0m
[0mGET /stylesheets/antd.min.css [36m304 [0m0.257 ms - -[0m
[0mGET /javascripts/mobx-dist/Entry.js [32m200 [0m0.578 ms - 919427[0m
[0mGET /images/cloud.png [36m304 [0m0.571 ms - -[0m
[0mGET /images/smokeparticle.png [36m304 [0m2.107 ms - -[0m
[0mGET / [36m304 [0m14.590 ms - -[0m
[0mGET /stylesheets/style.css [36m304 [0m0.424 ms - -[0m
[0mGET /stylesheets/antd.min.css [36m304 [0m0.250 ms - -[0m
[0mGET /javascripts/mobx-dist/Entry.js [32m200 [0m0.516 ms - 919421[0m
[0mGET /images/cloud.png [36m304 [0m0.462 ms - -[0m
[0mGET /images/smokeparticle.png [36m304 [0m0.402 ms - -[0m
[0mGET / [36m304 [0m11.695 ms - -[0m
[0mGET /stylesheets/antd.min.css [36m304 [0m4.866 ms - -[0m
[0mGET /stylesheets/style.css [36m304 [0m0.383 ms - -[0m
[0mGET /javascripts/mobx-dist/Entry.js [32m200 [0m1.162 ms - 919427[0m
[0mGET /images/cloud.png [36m304 [0m0.500 ms - -[0m
[0mGET /images/smokeparticle.png [36m304 [0m0.456 ms - -[0m
[0mGET / [36m304 [0m25.622 ms - -[0m
[0mGET /stylesheets/style.css [36m304 [0m0.426 ms - -[0m
[0mGET /stylesheets/antd.min.css [36m304 [0m0.239 ms - -[0m
[0mGET /javascripts/mobx-dist/Entry.js [32m200 [0m0.521 ms - 919427[0m
[0mGET /images/cloud.png [36m304 [0m0.454 ms - -[0m
[0mGET /images/smokeparticle.png [36m304 [0m0.426 ms - -[0m
[0mGET / [32m200 [0m21.883 ms - 343[0m
[0mGET /javascripts/mobx-dist/Entry.js [32m200 [0m1.048 ms - 919427[0m
[0mGET / [32m200 [0m17.010 ms - 343[0m
[0mGET / [36m304 [0m10.250 ms - -[0m
[0mGET /stylesheets/style.css [36m304 [0m1.112 ms - -[0m
[0mGET /stylesheets/antd.min.css [36m304 [0m1.535 ms - -[0m
[0mGET /javascripts/mobx-dist/Entry.js [32m200 [0m2.148 ms - 919427[0m
[0mGET /images/cloud.png [36m304 [0m0.506 ms - -[0m
[0mGET /images/smokeparticle.png [36m304 [0m0.388 ms - -[0m
[0mGET /favicon.ico [33m404 [0m18.597 ms - 1291[0m
